Determining if the pthread_create exist failed with the following output:
Change Dir: /home/naman/catkin_ws/src/jacobian_control_grasping/CMakeFiles/CMakeTmp

Run Build Command:/usr/bin/make "cmTryCompileExec395628591/fast"
/usr/bin/make -f CMakeFiles/cmTryCompileExec395628591.dir/build.make CMakeFiles/cmTryCompileExec395628591.dir/build
make[1]: Entering directory `/home/naman/catkin_ws/src/jacobian_control_grasping/CMakeFiles/CMakeTmp'
/usr/bin/cmake -E cmake_progress_report /home/naman/catkin_ws/src/jacobian_control_grasping/CMakeFiles/CMakeTmp/CMakeFiles 1
Building C object CMakeFiles/cmTryCompileExec395628591.dir/CheckSymbolExists.c.o
/usr/bin/gcc    -o CMakeFiles/cmTryCompileExec395628591.dir/CheckSymbolExists.c.o   -c /home/naman/catkin_ws/src/jacobian_control_grasping/CMakeFiles/CMakeTmp/CheckSymbolExists.c
Linking C executable cmTryCompileExec395628591
/usr/bin/cmake -E cmake_link_script CMakeFiles/cmTryCompileExec395628591.dir/link.txt --verbose=1
/usr/bin/gcc         CMakeFiles/cmTryCompileExec395628591.dir/CheckSymbolExists.c.o  -o cmTryCompileExec395628591 -rdynamic 
CMakeFiles/cmTryCompileExec395628591.dir/CheckSymbolExists.c.o:CheckSymbolExists.c:function main: error: undefined reference to 'pthread_create'
collect2: error: ld returned 1 exit status
make[1]: *** [cmTryCompileExec395628591] Error 1
make[1]: Leaving directory `/home/naman/catkin_ws/src/jacobian_control_grasping/CMakeFiles/CMakeTmp'
make: *** [cmTryCompileExec395628591/fast] Error 2

File /home/naman/catkin_ws/src/jacobian_control_grasping/CMakeFiles/CMakeTmp/CheckSymbolExists.c:
/* */
#include <pthread.h>

int main(int argc, char** argv)
{
  (void)argv;
#ifndef pthread_create
  return ((int*)(&pthread_create))[argc];
#else
  (void)argc;
  return 0;
#endif
}

Determining if the function pthread_create exists in the pthreads failed with the following output:
Change Dir: /home/naman/catkin_ws/src/jacobian_control_grasping/CMakeFiles/CMakeTmp

Run Build Command:/usr/bin/make "cmTryCompileExec1268495668/fast"
/usr/bin/make -f CMakeFiles/cmTryCompileExec1268495668.dir/build.make CMakeFiles/cmTryCompileExec1268495668.dir/build
make[1]: Entering directory `/home/naman/catkin_ws/src/jacobian_control_grasping/CMakeFiles/CMakeTmp'
/usr/bin/cmake -E cmake_progress_report /home/naman/catkin_ws/src/jacobian_control_grasping/CMakeFiles/CMakeTmp/CMakeFiles 1
Building C object CMakeFiles/cmTryCompileExec1268495668.dir/CheckFunctionExists.c.o
/usr/bin/gcc   -DCHECK_FUNCTION_EXISTS=pthread_create   -o CMakeFiles/cmTryCompileExec1268495668.dir/CheckFunctionExists.c.o   -c /usr/share/cmake-2.8/Modules/CheckFunctionExists.c
Linking C executable cmTryCompileExec1268495668
/usr/bin/cmake -E cmake_link_script CMakeFiles/cmTryCompileExec1268495668.dir/link.txt --verbose=1
/usr/bin/gcc     -DCHECK_FUNCTION_EXISTS=pthread_create    CMakeFiles/cmTryCompileExec1268495668.dir/CheckFunctionExists.c.o  -o cmTryCompileExec1268495668 -rdynamic -lpthreads 
/usr/bin/ld: error: cannot find -lpthreads
CMakeFiles/cmTryCompileExec1268495668.dir/CheckFunctionExists.c.o:CheckFunctionExists.c:function main: error: undefined reference to 'pthread_create'
collect2: error: ld returned 1 exit status
make[1]: *** [cmTryCompileExec1268495668] Error 1
make[1]: Leaving directory `/home/naman/catkin_ws/src/jacobian_control_grasping/CMakeFiles/CMakeTmp'
make: *** [cmTryCompileExec1268495668/fast] Error 2


